<?xml version="1.0" encoding="UTF-8"?>
<!-- Generated by org.testng.reporters.JUnitReportReporter -->
<testsuite hostname="CMDABKAREEM" name="com.glance.dashboard.tests.VerifyAddElementWizard" tests="1" failures="0" timestamp="16 Nov 2016 12:37:48 GMT" time="6.680" errors="0">
  <testcase name="myFirstTest" time="6.680" classname="com.glance.dashboard.tests.VerifyAddElementWizard"/>
</testsuite> <!-- com.glance.dashboard.tests.VerifyAddElementWizard -->
