<?xml version="1.0" encoding="UTF-8"?>
<!-- Generated by org.testng.reporters.JUnitReportReporter -->
<testsuite hostname="CMDABKAREEM" name="com.glance.dashboard.tests.VerifyAddElementWizard" tests="1" failures="0" timestamp="17 Nov 2016 08:53:19 GMT" time="6.682" errors="0">
  <testcase name="verifyAddNewDashboardElement" time="6.682" classname="com.glance.dashboard.tests.VerifyAddElementWizard"/>
</testsuite> <!-- com.glance.dashboard.tests.VerifyAddElementWizard -->
